<?xml version="1.0" encoding="UTF-8"?>
<testng-results ignored="0" total="1" passed="0" failed="1" skipped="0">
  <reporter-output>
    <line>
      <![CDATA[[Browser Activity] Chrome Browser Launched]]>
    </line>
    <line>
      <![CDATA[[Browser Activity] Browser Maximized]]>
    </line>
    <line>
      <![CDATA[BeforeTCRunMethod]]>
    </line>
    <line>
      <![CDATA[[Browser Activity] URL entered : https://www.amazon.in/]]>
    </line>
    <line>
      <![CDATA[Galaxy F12 Amazon Item Price: Rs.9499.0]]>
    </line>
    <line>
      <![CDATA[[Browser Activity] URL entered : https://www.flipkart.com/]]>
    </line>
    <line>
      <![CDATA[Exception while taking screenshot no such window: target window already closed
from unknown error: web view not found
  (Session info: chrome=92.0.4515.131)
Build info: version: '3.141.59', revision: 'e82be7d358', time: '2018-11-14T08:17:03'
System info: host: 'LT0098186', ip: '192.168.0.108', os.name: 'Windows 10', os.arch: 'amd64', os.version: '10.0', java.version: '15.0.2'
Driver info: org.openqa.selenium.chrome.ChromeDriver
Capabilities {acceptInsecureCerts: false, browserName: chrome, browserVersion: 92.0.4515.131, chrome: {chromedriverVersion: 92.0.4515.107 (87a818b10553..., userDataDir: C:\Users\TOUHEE~1.ASL\AppDa...}, goog:chromeOptions: {debuggerAddress: localhost:56316}, javascriptEnabled: true, networkConnectionEnabled: false, pageLoadStrategy: normal, platform: WINDOWS, platformName: WINDOWS, proxy: Proxy(), setWindowRect: true, strictFileInteractability: false, timeouts: {implicit: 0, pageLoad: 300000, script: 30000}, unhandledPromptBehavior: dismiss and notify, webauthn:extension:credBlob: true, webauthn:extension:largeBlob: true, webauthn:virtualAuthenticators: true}
Session ID: 5b4c659ce7e55289142033ead891e988]]>
    </line>
    <line>
      <![CDATA[AfterTCRunMethod]]>
    </line>
  </reporter-output>
  <suite started-at="2022-10-02T00:02:36 IST" name="Default suite" finished-at="2022-10-02T00:04:22 IST" duration-ms="106253">
    <groups>
    </groups>
    <test started-at="2022-10-02T00:02:36 IST" name="Default test" finished-at="2022-10-02T00:04:22 IST" duration-ms="106253">
      <class name="testscripts.assign1.ItemPriceCompareTest">
        <test-method is-config="true" signature="launch()[pri:0, instance:testscripts.assign1.ItemPriceCompareTest@383bfa16]" started-at="2022-10-02T00:02:36 IST" name="launch" finished-at="2022-10-02T00:02:43 IST" duration-ms="6877" status="PASS">
          <reporter-output>
            <line>
              <![CDATA[[Browser Activity] Chrome Browser Launched]]>
            </line>
            <line>
              <![CDATA[[Browser Activity] Browser Maximized]]>
            </line>
          </reporter-output>
        </test-method> <!-- launch -->
        <test-method is-config="true" signature="beforeTCRunMethod()[pri:0, instance:testscripts.assign1.ItemPriceCompareTest@383bfa16]" started-at="2022-10-02T00:02:43 IST" name="beforeTCRunMethod" finished-at="2022-10-02T00:02:43 IST" duration-ms="1" status="PASS">
          <reporter-output>
            <line>
              <![CDATA[BeforeTCRunMethod]]>
            </line>
          </reporter-output>
        </test-method> <!-- beforeTCRunMethod -->
        <test-method signature="fetchItemPrice(org.testng.ITestContext)[pri:1, instance:testscripts.assign1.ItemPriceCompareTest@383bfa16]" started-at="2022-10-02T00:02:43 IST" name="fetchItemPrice" finished-at="2022-10-02T00:04:21 IST" duration-ms="98176" status="FAIL">
          <params>
            <param index="0">
              <value>
                <![CDATA[org.testng.TestRunner@5aceec94]]>
              </value>
            </param>
          </params>
          <exception class="org.openqa.selenium.NoSuchWindowException">
            <message>
              <![CDATA[no such window: target window already closed
from unknown error: web view not found
  (Session info: chrome=92.0.4515.131)
Build info: version: '3.141.59', revision: 'e82be7d358', time: '2018-11-14T08:17:03'
System info: host: 'LT0098186', ip: '192.168.0.108', os.name: 'Windows 10', os.arch: 'amd64', os.version: '10.0', java.version: '15.0.2'
Driver info: org.openqa.selenium.chrome.ChromeDriver
Capabilities {acceptInsecureCerts: false, browserName: chrome, browserVersion: 92.0.4515.131, chrome: {chromedriverVersion: 92.0.4515.107 (87a818b10553..., userDataDir: C:\Users\TOUHEE~1.ASL\AppDa...}, goog:chromeOptions: {debuggerAddress: localhost:56316}, javascriptEnabled: true, networkConnectionEnabled: false, pageLoadStrategy: normal, platform: WINDOWS, platformName: WINDOWS, proxy: Proxy(), setWindowRect: true, strictFileInteractability: false, timeouts: {implicit: 0, pageLoad: 300000, script: 30000}, unhandledPromptBehavior: dismiss and notify, webauthn:extension:credBlob: true, webauthn:extension:largeBlob: true, webauthn:virtualAuthenticators: true}
Session ID: 5b4c659ce7e55289142033ead891e988
*** Element info: {Using=xpath, value=/html/body/div[2]/div/div/button}]]>
            </message>
            <full-stacktrace>
              <![CDATA[org.openqa.selenium.NoSuchWindowException: no such window: target window already closed
from unknown error: web view not found
  (Session info: chrome=92.0.4515.131)
Build info: version: '3.141.59', revision: 'e82be7d358', time: '2018-11-14T08:17:03'
System info: host: 'LT0098186', ip: '192.168.0.108', os.name: 'Windows 10', os.arch: 'amd64', os.version: '10.0', java.version: '15.0.2'
Driver info: org.openqa.selenium.chrome.ChromeDriver
Capabilities {acceptInsecureCerts: false, browserName: chrome, browserVersion: 92.0.4515.131, chrome: {chromedriverVersion: 92.0.4515.107 (87a818b10553..., userDataDir: C:\Users\TOUHEE~1.ASL\AppDa...}, goog:chromeOptions: {debuggerAddress: localhost:56316}, javascriptEnabled: true, networkConnectionEnabled: false, pageLoadStrategy: normal, platform: WINDOWS, platformName: WINDOWS, proxy: Proxy(), setWindowRect: true, strictFileInteractability: false, timeouts: {implicit: 0, pageLoad: 300000, script: 30000}, unhandledPromptBehavior: dismiss and notify, webauthn:extension:credBlob: true, webauthn:extension:largeBlob: true, webauthn:virtualAuthenticators: true}
Session ID: 5b4c659ce7e55289142033ead891e988
*** Element info: {Using=xpath, value=/html/body/div[2]/div/div/button}
at java.base/jdk.internal.reflect.NativeConstructorAccessorImpl.newInstance0(Native Method)
at java.base/jdk.internal.reflect.NativeConstructorAccessorImpl.newInstance(NativeConstructorAccessorImpl.java:64)
at java.base/jdk.internal.reflect.DelegatingConstructorAccessorImpl.newInstance(DelegatingConstructorAccessorImpl.java:45)
at java.base/java.lang.reflect.Constructor.newInstanceWithCaller(Constructor.java:500)
at java.base/java.lang.reflect.Constructor.newInstance(Constructor.java:481)
at org.openqa.selenium.remote.http.W3CHttpResponseCodec.createException(W3CHttpResponseCodec.java:187)
at org.openqa.selenium.remote.http.W3CHttpResponseCodec.decode(W3CHttpResponseCodec.java:122)
at org.openqa.selenium.remote.http.W3CHttpResponseCodec.decode(W3CHttpResponseCodec.java:49)
at org.openqa.selenium.remote.HttpCommandExecutor.execute(HttpCommandExecutor.java:158)
at org.openqa.selenium.remote.service.DriverCommandExecutor.execute(DriverCommandExecutor.java:83)
at org.openqa.selenium.remote.RemoteWebDriver.execute(RemoteWebDriver.java:552)
at org.openqa.selenium.remote.RemoteWebDriver.findElement(RemoteWebDriver.java:323)
at org.openqa.selenium.remote.RemoteWebDriver.findElementByXPath(RemoteWebDriver.java:428)
at org.openqa.selenium.By$ByXPath.findElement(By.java:353)
at org.openqa.selenium.remote.RemoteWebDriver.findElement(RemoteWebDriver.java:315)
at org.openqa.selenium.support.pagefactory.DefaultElementLocator.findElement(DefaultElementLocator.java:69)
at org.openqa.selenium.support.pagefactory.internal.LocatingElementHandler.invoke(LocatingElementHandler.java:38)
at com.sun.proxy.$Proxy14.click(Unknown Source)
at pageobjectOfAssigment1.FlipkartBasePage.loginCloseButton(FlipkartBasePage.java:43)
at testscripts.assign1.ItemPriceCompareTest.fetchItemPrice(ItemPriceCompareTest.java:40)
at java.base/jdk.internal.reflect.NativeMethodAccessorImpl.invoke0(Native Method)
at java.base/jdk.internal.reflect.NativeMethodAccessorImpl.invoke(NativeMethodAccessorImpl.java:64)
at java.base/jdk.internal.reflect.DelegatingMethodAccessorImpl.invoke(DelegatingMethodAccessorImpl.java:43)
at java.base/java.lang.reflect.Method.invoke(Method.java:564)
at org.testng.internal.MethodInvocationHelper.invokeMethod(MethodInvocationHelper.java:132)
at org.testng.internal.TestInvoker.invokeMethod(TestInvoker.java:599)
at org.testng.internal.TestInvoker.invokeTestMethod(TestInvoker.java:174)
at org.testng.internal.MethodRunner.runInSequence(MethodRunner.java:46)
at org.testng.internal.TestInvoker$MethodInvocationAgent.invoke(TestInvoker.java:822)
at org.testng.internal.TestInvoker.invokeTestMethods(TestInvoker.java:147)
at org.testng.internal.TestMethodWorker.invokeTestMethods(TestMethodWorker.java:146)
at org.testng.internal.TestMethodWorker.run(TestMethodWorker.java:128)
at java.base/java.util.ArrayList.forEach(ArrayList.java:1511)
at org.testng.TestRunner.privateRun(TestRunner.java:764)
at org.testng.TestRunner.run(TestRunner.java:585)
at org.testng.SuiteRunner.runTest(SuiteRunner.java:384)
at org.testng.SuiteRunner.runSequentially(SuiteRunner.java:378)
at org.testng.SuiteRunner.privateRun(SuiteRunner.java:337)
at org.testng.SuiteRunner.run(SuiteRunner.java:286)
at org.testng.SuiteRunnerWorker.runSuite(SuiteRunnerWorker.java:53)
at org.testng.SuiteRunnerWorker.run(SuiteRunnerWorker.java:96)
at org.testng.TestNG.runSuitesSequentially(TestNG.java:1218)
at org.testng.TestNG.runSuitesLocally(TestNG.java:1140)
at org.testng.TestNG.runSuites(TestNG.java:1069)
at org.testng.TestNG.run(TestNG.java:1037)
at org.testng.remote.AbstractRemoteTestNG.run(AbstractRemoteTestNG.java:115)
at org.testng.remote.RemoteTestNG.initAndRun(RemoteTestNG.java:251)
at org.testng.remote.RemoteTestNG.main(RemoteTestNG.java:77)
]]>
            </full-stacktrace>
          </exception> <!-- org.openqa.selenium.NoSuchWindowException -->
          <reporter-output>
            <line>
              <![CDATA[[Browser Activity] URL entered : https://www.amazon.in/]]>
            </line>
            <line>
              <![CDATA[Galaxy F12 Amazon Item Price: Rs.9499.0]]>
            </line>
            <line>
              <![CDATA[[Browser Activity] URL entered : https://www.flipkart.com/]]>
            </line>
          </reporter-output>
        </test-method> <!-- fetchItemPrice -->
        <test-method is-config="true" signature="afterTCRunMethod(org.testng.ITestResult)[pri:0, instance:testscripts.assign1.ItemPriceCompareTest@383bfa16]" started-at="2022-10-02T00:04:21 IST" name="afterTCRunMethod" finished-at="2022-10-02T00:04:22 IST" duration-ms="1133" status="PASS">
          <params>
            <param index="0">
              <value>
                <![CDATA[[TestResult name=fetchItemPrice status=FAILURE method=ItemPriceCompareTest.fetchItemPrice(org.testng.ITestContext)[pri:1, instance:testscripts.assign1.ItemPriceCompareTest@383bfa16] output=[Browser Activity] URL entered : https://www.amazon.in/]]]>
              </value>
            </param>
          </params>
          <reporter-output>
            <line>
              <![CDATA[Exception while taking screenshot no such window: target window already closed
from unknown error: web view not found
  (Session info: chrome=92.0.4515.131)
Build info: version: '3.141.59', revision: 'e82be7d358', time: '2018-11-14T08:17:03'
System info: host: 'LT0098186', ip: '192.168.0.108', os.name: 'Windows 10', os.arch: 'amd64', os.version: '10.0', java.version: '15.0.2'
Driver info: org.openqa.selenium.chrome.ChromeDriver
Capabilities {acceptInsecureCerts: false, browserName: chrome, browserVersion: 92.0.4515.131, chrome: {chromedriverVersion: 92.0.4515.107 (87a818b10553..., userDataDir: C:\Users\TOUHEE~1.ASL\AppDa...}, goog:chromeOptions: {debuggerAddress: localhost:56316}, javascriptEnabled: true, networkConnectionEnabled: false, pageLoadStrategy: normal, platform: WINDOWS, platformName: WINDOWS, proxy: Proxy(), setWindowRect: true, strictFileInteractability: false, timeouts: {implicit: 0, pageLoad: 300000, script: 30000}, unhandledPromptBehavior: dismiss and notify, webauthn:extension:credBlob: true, webauthn:extension:largeBlob: true, webauthn:virtualAuthenticators: true}
Session ID: 5b4c659ce7e55289142033ead891e988]]>
            </line>
          </reporter-output>
        </test-method> <!-- afterTCRunMethod -->
        <test-method is-config="true" signature="afterTCRunMethod()[pri:0, instance:testscripts.assign1.ItemPriceCompareTest@383bfa16]" started-at="2022-10-02T00:04:22 IST" name="afterTCRunMethod" finished-at="2022-10-02T00:04:22 IST" duration-ms="0" status="PASS">
          <reporter-output>
            <line>
              <![CDATA[AfterTCRunMethod]]>
            </line>
          </reporter-output>
        </test-method> <!-- afterTCRunMethod -->
        <test-method is-config="true" signature="closebrowser()[pri:0, instance:testscripts.assign1.ItemPriceCompareTest@383bfa16]" started-at="2022-10-02T00:04:22 IST" name="closebrowser" finished-at="2022-10-02T00:04:22 IST" duration-ms="0" status="PASS">
          <reporter-output>
          </reporter-output>
        </test-method> <!-- closebrowser -->
      </class> <!-- testscripts.assign1.ItemPriceCompareTest -->
    </test> <!-- Default test -->
  </suite> <!-- Default suite -->
</testng-results>
