<?xml version="1.0" encoding="UTF-8"?>
<!-- Generated by org.testng.reporters.JUnitReportReporter -->
<testsuite skipped="0" hostname="DESKTOP-2VDQPNC" name="selenium.datadriven.DataProviderDemo" tests="4" failures="0" timestamp="20 Oct 2022 05:00:16 GMT" time="68.311" errors="4">
  <testcase name="loginArray" time="33.100" classname="selenium.datadriven.DataProviderDemo">
    <error type="org.openqa.selenium.NoSuchElementException" message="Cannot locate an element using id=txtUsername
For documentation on this error, please visit: https://www.seleniumhq.org/exceptions/no_such_element.html
Build info: version: &#039;3.141.59&#039;, revision: &#039;e82be7d358&#039;, time: &#039;2018-11-14T08:17:03&#039;
System info: host: &#039;DESKTOP-2VDQPNC&#039;, ip: &#039;192.168.0.120&#039;, os.name: &#039;Windows 10&#039;, os.arch: &#039;amd64&#039;, os.version: &#039;10.0&#039;, java.version: &#039;1.8.0_281&#039;
Driver info: driver.version: RemoteWebDriver">
      <![CDATA[org.openqa.selenium.NoSuchElementException: Cannot locate an element using id=txtUsername
For documentation on this error, please visit: https://www.seleniumhq.org/exceptions/no_such_element.html
Build info: version: '3.141.59', revision: 'e82be7d358', time: '2018-11-14T08:17:03'
System info: host: 'DESKTOP-2VDQPNC', ip: '192.168.0.120', os.name: 'Windows 10', os.arch: 'amd64', os.version: '10.0', java.version: '1.8.0_281'
Driver info: driver.version: RemoteWebDriver
	at org.openqa.selenium.remote.RemoteWebDriver.findElement(RemoteWebDriver.java:327)
	at org.openqa.selenium.remote.RemoteWebDriver.findElementById(RemoteWebDriver.java:372)
	at org.openqa.selenium.By$ById.findElement(By.java:188)
	at org.openqa.selenium.remote.RemoteWebDriver.findElement(RemoteWebDriver.java:315)
	at org.openqa.selenium.support.pagefactory.DefaultElementLocator.findElement(DefaultElementLocator.java:69)
	at org.openqa.selenium.support.pagefactory.internal.LocatingElementHandler.invoke(LocatingElementHandler.java:38)
	at com.sun.proxy.$Proxy8.sendKeys(Unknown Source)
	at AutoFWsample.pageobject.LoginPage.login(LoginPage.java:40)
	at selenium.datadriven.DataProviderDemo.loginArray(DataProviderDemo.java:54)
	at sun.reflect.NativeMethodAccessorImpl.invoke0(Native Method)
	at sun.reflect.NativeMethodAccessorImpl.invoke(Unknown Source)
	at sun.reflect.DelegatingMethodAccessorImpl.invoke(Unknown Source)
	at java.lang.reflect.Method.invoke(Unknown Source)
	at org.testng.internal.MethodInvocationHelper.invokeMethod(MethodInvocationHelper.java:100)
	at org.testng.internal.Invoker.invokeMethod(Invoker.java:646)
	at org.testng.internal.Invoker.invokeTestMethod(Invoker.java:811)
	at org.testng.internal.Invoker.invokeTestMethods(Invoker.java:1137)
	at org.testng.internal.TestMethodWorker.invokeTestMethods(TestMethodWorker.java:129)
	at org.testng.internal.TestMethodWorker.run(TestMethodWorker.java:112)
	at org.testng.TestRunner.privateRun(TestRunner.java:753)
	at org.testng.TestRunner.run(TestRunner.java:607)
	at org.testng.SuiteRunner.runTest(SuiteRunner.java:368)
	at org.testng.SuiteRunner.runSequentially(SuiteRunner.java:363)
	at org.testng.SuiteRunner.privateRun(SuiteRunner.java:321)
	at org.testng.SuiteRunner.run(SuiteRunner.java:270)
	at org.testng.SuiteRunnerWorker.runSuite(SuiteRunnerWorker.java:52)
	at org.testng.SuiteRunnerWorker.run(SuiteRunnerWorker.java:86)
	at org.testng.TestNG.runSuitesSequentially(TestNG.java:1284)
	at org.testng.TestNG.runSuitesLocally(TestNG.java:1209)
	at org.testng.TestNG.runSuites(TestNG.java:1124)
	at org.testng.TestNG.run(TestNG.java:1096)
	at org.testng.remote.AbstractRemoteTestNG.run(AbstractRemoteTestNG.java:132)
	at org.testng.remote.RemoteTestNG.initAndRun(RemoteTestNG.java:236)
	at org.testng.remote.RemoteTestNG.main(RemoteTestNG.java:81)
]]>
    </error>
  </testcase> <!-- loginArray -->
  <testcase name="loginArray" time="15.845" classname="selenium.datadriven.DataProviderDemo">
    <error type="org.openqa.selenium.SessionNotCreatedException" message="session not created
from chrome not reachable
  (Session info: chrome=105.0.5195.127)
Build info: version: &#039;3.141.59&#039;, revision: &#039;e82be7d358&#039;, time: &#039;2018-11-14T08:17:03&#039;
System info: host: &#039;DESKTOP-2VDQPNC&#039;, ip: &#039;192.168.0.120&#039;, os.name: &#039;Windows 10&#039;, os.arch: &#039;amd64&#039;, os.version: &#039;10.0&#039;, java.version: &#039;1.8.0_281&#039;
Driver info: driver.version: ChromeDriver
remote stacktrace: Backtrace:
	Ordinal0 [0x0098DF13+2219795]
	Ordinal0 [0x00922841+1779777]
	Ordinal0 [0x00834100+803072]
	Ordinal0 [0x00829BF2+760818]
	Ordinal0 [0x0081CD35+707893]
	Ordinal0 [0x00821122+725282]
	Ordinal0 [0x00825699+743065]
	Ordinal0 [0x00835610+808464]
	Ordinal0 [0x00884770+1132400]
	Ordinal0 [0x0088331A+1127194]
	Ordinal0 [0x0087E616+1107478]
	Ordinal0 [0x00857F89+950153]
	Ordinal0 [0x00858F56+954198]
	GetHandleVerifier [0x00C82CB2+3040210]
	GetHandleVerifier [0x00C72BB4+2974420]
	GetHandleVerifier [0x00A26A0A+565546]
	GetHandleVerifier [0x00A25680+560544]
	Ordinal0 [0x00929A5C+1808988]
	Ordinal0 [0x0092E3A8+1827752]
	Ordinal0 [0x0092E495+1827989]
	Ordinal0 [0x009380A4+1867940]
	BaseThreadInitThunk [0x75E8FA29+25]
	RtlGetAppContainerNamedObjectPath [0x775A7B5E+286]
	RtlGetAppContainerNamedObjectPath [0x775A7B2E+238]
">
      <![CDATA[org.openqa.selenium.SessionNotCreatedException: session not created
from chrome not reachable
  (Session info: chrome=105.0.5195.127)
Build info: version: '3.141.59', revision: 'e82be7d358', time: '2018-11-14T08:17:03'
System info: host: 'DESKTOP-2VDQPNC', ip: '192.168.0.120', os.name: 'Windows 10', os.arch: 'amd64', os.version: '10.0', java.version: '1.8.0_281'
Driver info: driver.version: ChromeDriver
remote stacktrace: Backtrace:
	Ordinal0 [0x0098DF13+2219795]
	Ordinal0 [0x00922841+1779777]
	Ordinal0 [0x00834100+803072]
	Ordinal0 [0x00829BF2+760818]
	Ordinal0 [0x0081CD35+707893]
	Ordinal0 [0x00821122+725282]
	Ordinal0 [0x00825699+743065]
	Ordinal0 [0x00835610+808464]
	Ordinal0 [0x00884770+1132400]
	Ordinal0 [0x0088331A+1127194]
	Ordinal0 [0x0087E616+1107478]
	Ordinal0 [0x00857F89+950153]
	Ordinal0 [0x00858F56+954198]
	GetHandleVerifier [0x00C82CB2+3040210]
	GetHandleVerifier [0x00C72BB4+2974420]
	GetHandleVerifier [0x00A26A0A+565546]
	GetHandleVerifier [0x00A25680+560544]
	Ordinal0 [0x00929A5C+1808988]
	Ordinal0 [0x0092E3A8+1827752]
	Ordinal0 [0x0092E495+1827989]
	Ordinal0 [0x009380A4+1867940]
	BaseThreadInitThunk [0x75E8FA29+25]
	RtlGetAppContainerNamedObjectPath [0x775A7B5E+286]
	RtlGetAppContainerNamedObjectPath [0x775A7B2E+238]

	at sun.reflect.NativeConstructorAccessorImpl.newInstance0(Native Method)
	at sun.reflect.NativeConstructorAccessorImpl.newInstance(Unknown Source)
	at sun.reflect.DelegatingConstructorAccessorImpl.newInstance(Unknown Source)
	at java.lang.reflect.Constructor.newInstance(Unknown Source)
	at org.openqa.selenium.remote.W3CHandshakeResponse.lambda$errorHandler$0(W3CHandshakeResponse.java:62)
	at org.openqa.selenium.remote.HandshakeResponse.lambda$getResponseFunction$0(HandshakeResponse.java:30)
	at org.openqa.selenium.remote.ProtocolHandshake.lambda$createSession$0(ProtocolHandshake.java:126)
	at java.util.stream.ReferencePipeline$3$1.accept(Unknown Source)
	at java.util.Spliterators$ArraySpliterator.tryAdvance(Unknown Source)
	at java.util.stream.ReferencePipeline.forEachWithCancel(Unknown Source)
	at java.util.stream.AbstractPipeline.copyIntoWithCancel(Unknown Source)
	at java.util.stream.AbstractPipeline.copyInto(Unknown Source)
	at java.util.stream.AbstractPipeline.wrapAndCopyInto(Unknown Source)
	at java.util.stream.FindOps$FindOp.evaluateSequential(Unknown Source)
	at java.util.stream.AbstractPipeline.evaluate(Unknown Source)
	at java.util.stream.ReferencePipeline.findFirst(Unknown Source)
	at org.openqa.selenium.remote.ProtocolHandshake.createSession(ProtocolHandshake.java:128)
	at org.openqa.selenium.remote.ProtocolHandshake.createSession(ProtocolHandshake.java:74)
	at org.openqa.selenium.remote.HttpCommandExecutor.execute(HttpCommandExecutor.java:136)
	at org.openqa.selenium.remote.service.DriverCommandExecutor.execute(DriverCommandExecutor.java:83)
	at org.openqa.selenium.remote.RemoteWebDriver.execute(RemoteWebDriver.java:552)
	at org.openqa.selenium.remote.RemoteWebDriver.startSession(RemoteWebDriver.java:213)
	at org.openqa.selenium.remote.RemoteWebDriver.<init>(RemoteWebDriver.java:131)
	at org.openqa.selenium.chrome.ChromeDriver.<init>(ChromeDriver.java:181)
	at org.openqa.selenium.chrome.ChromeDriver.<init>(ChromeDriver.java:168)
	at org.openqa.selenium.chrome.ChromeDriver.<init>(ChromeDriver.java:123)
	at AutomationLTU.BrowserFactory.startBrowser(BrowserFactory.java:43)
	at selenium.datadriven.DataProviderDemo.loginArray(DataProviderDemo.java:49)
	at sun.reflect.NativeMethodAccessorImpl.invoke0(Native Method)
	at sun.reflect.NativeMethodAccessorImpl.invoke(Unknown Source)
	at sun.reflect.DelegatingMethodAccessorImpl.invoke(Unknown Source)
	at java.lang.reflect.Method.invoke(Unknown Source)
	at org.testng.internal.MethodInvocationHelper.invokeMethod(MethodInvocationHelper.java:100)
	at org.testng.internal.Invoker.invokeMethod(Invoker.java:646)
	at org.testng.internal.Invoker.invokeTestMethod(Invoker.java:811)
	at org.testng.internal.Invoker.invokeTestMethods(Invoker.java:1137)
	at org.testng.internal.TestMethodWorker.invokeTestMethods(TestMethodWorker.java:129)
	at org.testng.internal.TestMethodWorker.run(TestMethodWorker.java:112)
	at org.testng.TestRunner.privateRun(TestRunner.java:753)
	at org.testng.TestRunner.run(TestRunner.java:607)
	at org.testng.SuiteRunner.runTest(SuiteRunner.java:368)
	at org.testng.SuiteRunner.runSequentially(SuiteRunner.java:363)
	at org.testng.SuiteRunner.privateRun(SuiteRunner.java:321)
	at org.testng.SuiteRunner.run(SuiteRunner.java:270)
	at org.testng.SuiteRunnerWorker.runSuite(SuiteRunnerWorker.java:52)
	at org.testng.SuiteRunnerWorker.run(SuiteRunnerWorker.java:86)
	at org.testng.TestNG.runSuitesSequentially(TestNG.java:1284)
	at org.testng.TestNG.runSuitesLocally(TestNG.java:1209)
	at org.testng.TestNG.runSuites(TestNG.java:1124)
	at org.testng.TestNG.run(TestNG.java:1096)
	at org.testng.remote.AbstractRemoteTestNG.run(AbstractRemoteTestNG.java:132)
	at org.testng.remote.RemoteTestNG.initAndRun(RemoteTestNG.java:236)
	at org.testng.remote.RemoteTestNG.main(RemoteTestNG.java:81)
]]>
    </error>
  </testcase> <!-- loginArray -->
  <testcase name="loginArray" time="8.484" classname="selenium.datadriven.DataProviderDemo">
    <error type="org.openqa.selenium.SessionNotCreatedException" message="session not created
from disconnected: received Inspector.detached event
  (Session info: chrome=105.0.5195.127)
Build info: version: &#039;3.141.59&#039;, revision: &#039;e82be7d358&#039;, time: &#039;2018-11-14T08:17:03&#039;
System info: host: &#039;DESKTOP-2VDQPNC&#039;, ip: &#039;192.168.0.120&#039;, os.name: &#039;Windows 10&#039;, os.arch: &#039;amd64&#039;, os.version: &#039;10.0&#039;, java.version: &#039;1.8.0_281&#039;
Driver info: driver.version: ChromeDriver
remote stacktrace: Backtrace:
	Ordinal0 [0x0098DF13+2219795]
	Ordinal0 [0x00922841+1779777]
	Ordinal0 [0x0083423D+803389]
	Ordinal0 [0x00827DF8+753144]
	Ordinal0 [0x00827AF6+752374]
	Ordinal0 [0x0082706A+749674]
	Ordinal0 [0x00825F94+745364]
	Ordinal0 [0x008263FD+746493]
	Ordinal0 [0x00825BA5+744357]
	Ordinal0 [0x0082FE53+786003]
	Ordinal0 [0x00825B55+744277]
	Ordinal0 [0x00826C06+748550]
	Ordinal0 [0x00825F94+745364]
	Ordinal0 [0x008263FD+746493]
	Ordinal0 [0x00825BA5+744357]
	Ordinal0 [0x0082DAF8+776952]
	Ordinal0 [0x00825B55+744277]
	Ordinal0 [0x00826C06+748550]
	Ordinal0 [0x00825F94+745364]
	Ordinal0 [0x008263FD+746493]
	Ordinal0 [0x00825BA5+744357]
	Ordinal0 [0x0082B522+767266]
	Ordinal0 [0x00825B55+744277]
	Ordinal0 [0x00826C06+748550]
	Ordinal0 [0x00825F94+745364]
	Ordinal0 [0x008263FD+746493]
	Ordinal0 [0x00825BA5+744357]
	Ordinal0 [0x0082146D+726125]
	Ordinal0 [0x00825B55+744277]
	Ordinal0 [0x008258C2+743618]
	Ordinal0 [0x008255F9+742905]
	Ordinal0 [0x00835610+808464]
	Ordinal0 [0x00884770+1132400]
	Ordinal0 [0x0088331A+1127194]
	Ordinal0 [0x0087E616+1107478]
	Ordinal0 [0x00857F89+950153]
	Ordinal0 [0x00858F56+954198]
	GetHandleVerifier [0x00C82CB2+3040210]
	GetHandleVerifier [0x00C72BB4+2974420]
	GetHandleVerifier [0x00A26A0A+565546]
	GetHandleVerifier [0x00A25680+560544]
	Ordinal0 [0x00929A5C+1808988]
	Ordinal0 [0x0092E3A8+1827752]
	Ordinal0 [0x0092E495+1827989]
	Ordinal0 [0x009380A4+1867940]
	BaseThreadInitThunk [0x75E8FA29+25]
	RtlGetAppContainerNamedObjectPath [0x775A7B5E+286]
	RtlGetAppContainerNamedObjectPath [0x775A7B2E+238]
">
      <![CDATA[org.openqa.selenium.SessionNotCreatedException: session not created
from disconnected: received Inspector.detached event
  (Session info: chrome=105.0.5195.127)
Build info: version: '3.141.59', revision: 'e82be7d358', time: '2018-11-14T08:17:03'
System info: host: 'DESKTOP-2VDQPNC', ip: '192.168.0.120', os.name: 'Windows 10', os.arch: 'amd64', os.version: '10.0', java.version: '1.8.0_281'
Driver info: driver.version: ChromeDriver
remote stacktrace: Backtrace:
	Ordinal0 [0x0098DF13+2219795]
	Ordinal0 [0x00922841+1779777]
	Ordinal0 [0x0083423D+803389]
	Ordinal0 [0x00827DF8+753144]
	Ordinal0 [0x00827AF6+752374]
	Ordinal0 [0x0082706A+749674]
	Ordinal0 [0x00825F94+745364]
	Ordinal0 [0x008263FD+746493]
	Ordinal0 [0x00825BA5+744357]
	Ordinal0 [0x0082FE53+786003]
	Ordinal0 [0x00825B55+744277]
	Ordinal0 [0x00826C06+748550]
	Ordinal0 [0x00825F94+745364]
	Ordinal0 [0x008263FD+746493]
	Ordinal0 [0x00825BA5+744357]
	Ordinal0 [0x0082DAF8+776952]
	Ordinal0 [0x00825B55+744277]
	Ordinal0 [0x00826C06+748550]
	Ordinal0 [0x00825F94+745364]
	Ordinal0 [0x008263FD+746493]
	Ordinal0 [0x00825BA5+744357]
	Ordinal0 [0x0082B522+767266]
	Ordinal0 [0x00825B55+744277]
	Ordinal0 [0x00826C06+748550]
	Ordinal0 [0x00825F94+745364]
	Ordinal0 [0x008263FD+746493]
	Ordinal0 [0x00825BA5+744357]
	Ordinal0 [0x0082146D+726125]
	Ordinal0 [0x00825B55+744277]
	Ordinal0 [0x008258C2+743618]
	Ordinal0 [0x008255F9+742905]
	Ordinal0 [0x00835610+808464]
	Ordinal0 [0x00884770+1132400]
	Ordinal0 [0x0088331A+1127194]
	Ordinal0 [0x0087E616+1107478]
	Ordinal0 [0x00857F89+950153]
	Ordinal0 [0x00858F56+954198]
	GetHandleVerifier [0x00C82CB2+3040210]
	GetHandleVerifier [0x00C72BB4+2974420]
	GetHandleVerifier [0x00A26A0A+565546]
	GetHandleVerifier [0x00A25680+560544]
	Ordinal0 [0x00929A5C+1808988]
	Ordinal0 [0x0092E3A8+1827752]
	Ordinal0 [0x0092E495+1827989]
	Ordinal0 [0x009380A4+1867940]
	BaseThreadInitThunk [0x75E8FA29+25]
	RtlGetAppContainerNamedObjectPath [0x775A7B5E+286]
	RtlGetAppContainerNamedObjectPath [0x775A7B2E+238]

	at sun.reflect.NativeConstructorAccessorImpl.newInstance0(Native Method)
	at sun.reflect.NativeConstructorAccessorImpl.newInstance(Unknown Source)
	at sun.reflect.DelegatingConstructorAccessorImpl.newInstance(Unknown Source)
	at java.lang.reflect.Constructor.newInstance(Unknown Source)
	at org.openqa.selenium.remote.W3CHandshakeResponse.lambda$errorHandler$0(W3CHandshakeResponse.java:62)
	at org.openqa.selenium.remote.HandshakeResponse.lambda$getResponseFunction$0(HandshakeResponse.java:30)
	at org.openqa.selenium.remote.ProtocolHandshake.lambda$createSession$0(ProtocolHandshake.java:126)
	at java.util.stream.ReferencePipeline$3$1.accept(Unknown Source)
	at java.util.Spliterators$ArraySpliterator.tryAdvance(Unknown Source)
	at java.util.stream.ReferencePipeline.forEachWithCancel(Unknown Source)
	at java.util.stream.AbstractPipeline.copyIntoWithCancel(Unknown Source)
	at java.util.stream.AbstractPipeline.copyInto(Unknown Source)
	at java.util.stream.AbstractPipeline.wrapAndCopyInto(Unknown Source)
	at java.util.stream.FindOps$FindOp.evaluateSequential(Unknown Source)
	at java.util.stream.AbstractPipeline.evaluate(Unknown Source)
	at java.util.stream.ReferencePipeline.findFirst(Unknown Source)
	at org.openqa.selenium.remote.ProtocolHandshake.createSession(ProtocolHandshake.java:128)
	at org.openqa.selenium.remote.ProtocolHandshake.createSession(ProtocolHandshake.java:74)
	at org.openqa.selenium.remote.HttpCommandExecutor.execute(HttpCommandExecutor.java:136)
	at org.openqa.selenium.remote.service.DriverCommandExecutor.execute(DriverCommandExecutor.java:83)
	at org.openqa.selenium.remote.RemoteWebDriver.execute(RemoteWebDriver.java:552)
	at org.openqa.selenium.remote.RemoteWebDriver.startSession(RemoteWebDriver.java:213)
	at org.openqa.selenium.remote.RemoteWebDriver.<init>(RemoteWebDriver.java:131)
	at org.openqa.selenium.chrome.ChromeDriver.<init>(ChromeDriver.java:181)
	at org.openqa.selenium.chrome.ChromeDriver.<init>(ChromeDriver.java:168)
	at org.openqa.selenium.chrome.ChromeDriver.<init>(ChromeDriver.java:123)
	at AutomationLTU.BrowserFactory.startBrowser(BrowserFactory.java:43)
	at selenium.datadriven.DataProviderDemo.loginArray(DataProviderDemo.java:49)
	at sun.reflect.NativeMethodAccessorImpl.invoke0(Native Method)
	at sun.reflect.NativeMethodAccessorImpl.invoke(Unknown Source)
	at sun.reflect.DelegatingMethodAccessorImpl.invoke(Unknown Source)
	at java.lang.reflect.Method.invoke(Unknown Source)
	at org.testng.internal.MethodInvocationHelper.invokeMethod(MethodInvocationHelper.java:100)
	at org.testng.internal.Invoker.invokeMethod(Invoker.java:646)
	at org.testng.internal.Invoker.invokeTestMethod(Invoker.java:811)
	at org.testng.internal.Invoker.invokeTestMethods(Invoker.java:1137)
	at org.testng.internal.TestMethodWorker.invokeTestMethods(TestMethodWorker.java:129)
	at org.testng.internal.TestMethodWorker.run(TestMethodWorker.java:112)
	at org.testng.TestRunner.privateRun(TestRunner.java:753)
	at org.testng.TestRunner.run(TestRunner.java:607)
	at org.testng.SuiteRunner.runTest(SuiteRunner.java:368)
	at org.testng.SuiteRunner.runSequentially(SuiteRunner.java:363)
	at org.testng.SuiteRunner.privateRun(SuiteRunner.java:321)
	at org.testng.SuiteRunner.run(SuiteRunner.java:270)
	at org.testng.SuiteRunnerWorker.runSuite(SuiteRunnerWorker.java:52)
	at org.testng.SuiteRunnerWorker.run(SuiteRunnerWorker.java:86)
	at org.testng.TestNG.runSuitesSequentially(TestNG.java:1284)
	at org.testng.TestNG.runSuitesLocally(TestNG.java:1209)
	at org.testng.TestNG.runSuites(TestNG.java:1124)
	at org.testng.TestNG.run(TestNG.java:1096)
	at org.testng.remote.AbstractRemoteTestNG.run(AbstractRemoteTestNG.java:132)
	at org.testng.remote.RemoteTestNG.initAndRun(RemoteTestNG.java:236)
	at org.testng.remote.RemoteTestNG.main(RemoteTestNG.java:81)
]]>
    </error>
  </testcase> <!-- loginArray -->
  <testcase name="loginArray" time="10.882" classname="selenium.datadriven.DataProviderDemo">
    <error type="org.openqa.selenium.SessionNotCreatedException" message="session not created
from disconnected: received Inspector.detached event
  (Session info: chrome=105.0.5195.127)
Build info: version: &#039;3.141.59&#039;, revision: &#039;e82be7d358&#039;, time: &#039;2018-11-14T08:17:03&#039;
System info: host: &#039;DESKTOP-2VDQPNC&#039;, ip: &#039;192.168.0.120&#039;, os.name: &#039;Windows 10&#039;, os.arch: &#039;amd64&#039;, os.version: &#039;10.0&#039;, java.version: &#039;1.8.0_281&#039;
Driver info: driver.version: ChromeDriver
remote stacktrace: Backtrace:
	Ordinal0 [0x0098DF13+2219795]
	Ordinal0 [0x00922841+1779777]
	Ordinal0 [0x0083423D+803389]
	Ordinal0 [0x00827DF8+753144]
	Ordinal0 [0x00827AF6+752374]
	Ordinal0 [0x0082706A+749674]
	Ordinal0 [0x00825F94+745364]
	Ordinal0 [0x008263FD+746493]
	Ordinal0 [0x00825BA5+744357]
	Ordinal0 [0x0082FE53+786003]
	Ordinal0 [0x00825B55+744277]
	Ordinal0 [0x00826C06+748550]
	Ordinal0 [0x00825F94+745364]
	Ordinal0 [0x008263FD+746493]
	Ordinal0 [0x00825BA5+744357]
	Ordinal0 [0x0082DAF8+776952]
	Ordinal0 [0x00825B55+744277]
	Ordinal0 [0x00826C06+748550]
	Ordinal0 [0x00825F94+745364]
	Ordinal0 [0x008263FD+746493]
	Ordinal0 [0x00825BA5+744357]
	Ordinal0 [0x0082B522+767266]
	Ordinal0 [0x00825B55+744277]
	Ordinal0 [0x00826C06+748550]
	Ordinal0 [0x00825F94+745364]
	Ordinal0 [0x008263FD+746493]
	Ordinal0 [0x00825BA5+744357]
	Ordinal0 [0x0082146D+726125]
	Ordinal0 [0x00825B55+744277]
	Ordinal0 [0x008258C2+743618]
	Ordinal0 [0x008255F9+742905]
	Ordinal0 [0x00835610+808464]
	Ordinal0 [0x00884770+1132400]
	Ordinal0 [0x0088331A+1127194]
	Ordinal0 [0x0087E616+1107478]
	Ordinal0 [0x00857F89+950153]
	Ordinal0 [0x00858F56+954198]
	GetHandleVerifier [0x00C82CB2+3040210]
	GetHandleVerifier [0x00C72BB4+2974420]
	GetHandleVerifier [0x00A26A0A+565546]
	GetHandleVerifier [0x00A25680+560544]
	Ordinal0 [0x00929A5C+1808988]
	Ordinal0 [0x0092E3A8+1827752]
	Ordinal0 [0x0092E495+1827989]
	Ordinal0 [0x009380A4+1867940]
	BaseThreadInitThunk [0x75E8FA29+25]
	RtlGetAppContainerNamedObjectPath [0x775A7B5E+286]
	RtlGetAppContainerNamedObjectPath [0x775A7B2E+238]
">
      <![CDATA[org.openqa.selenium.SessionNotCreatedException: session not created
from disconnected: received Inspector.detached event
  (Session info: chrome=105.0.5195.127)
Build info: version: '3.141.59', revision: 'e82be7d358', time: '2018-11-14T08:17:03'
System info: host: 'DESKTOP-2VDQPNC', ip: '192.168.0.120', os.name: 'Windows 10', os.arch: 'amd64', os.version: '10.0', java.version: '1.8.0_281'
Driver info: driver.version: ChromeDriver
remote stacktrace: Backtrace:
	Ordinal0 [0x0098DF13+2219795]
	Ordinal0 [0x00922841+1779777]
	Ordinal0 [0x0083423D+803389]
	Ordinal0 [0x00827DF8+753144]
	Ordinal0 [0x00827AF6+752374]
	Ordinal0 [0x0082706A+749674]
	Ordinal0 [0x00825F94+745364]
	Ordinal0 [0x008263FD+746493]
	Ordinal0 [0x00825BA5+744357]
	Ordinal0 [0x0082FE53+786003]
	Ordinal0 [0x00825B55+744277]
	Ordinal0 [0x00826C06+748550]
	Ordinal0 [0x00825F94+745364]
	Ordinal0 [0x008263FD+746493]
	Ordinal0 [0x00825BA5+744357]
	Ordinal0 [0x0082DAF8+776952]
	Ordinal0 [0x00825B55+744277]
	Ordinal0 [0x00826C06+748550]
	Ordinal0 [0x00825F94+745364]
	Ordinal0 [0x008263FD+746493]
	Ordinal0 [0x00825BA5+744357]
	Ordinal0 [0x0082B522+767266]
	Ordinal0 [0x00825B55+744277]
	Ordinal0 [0x00826C06+748550]
	Ordinal0 [0x00825F94+745364]
	Ordinal0 [0x008263FD+746493]
	Ordinal0 [0x00825BA5+744357]
	Ordinal0 [0x0082146D+726125]
	Ordinal0 [0x00825B55+744277]
	Ordinal0 [0x008258C2+743618]
	Ordinal0 [0x008255F9+742905]
	Ordinal0 [0x00835610+808464]
	Ordinal0 [0x00884770+1132400]
	Ordinal0 [0x0088331A+1127194]
	Ordinal0 [0x0087E616+1107478]
	Ordinal0 [0x00857F89+950153]
	Ordinal0 [0x00858F56+954198]
	GetHandleVerifier [0x00C82CB2+3040210]
	GetHandleVerifier [0x00C72BB4+2974420]
	GetHandleVerifier [0x00A26A0A+565546]
	GetHandleVerifier [0x00A25680+560544]
	Ordinal0 [0x00929A5C+1808988]
	Ordinal0 [0x0092E3A8+1827752]
	Ordinal0 [0x0092E495+1827989]
	Ordinal0 [0x009380A4+1867940]
	BaseThreadInitThunk [0x75E8FA29+25]
	RtlGetAppContainerNamedObjectPath [0x775A7B5E+286]
	RtlGetAppContainerNamedObjectPath [0x775A7B2E+238]

	at sun.reflect.NativeConstructorAccessorImpl.newInstance0(Native Method)
	at sun.reflect.NativeConstructorAccessorImpl.newInstance(Unknown Source)
	at sun.reflect.DelegatingConstructorAccessorImpl.newInstance(Unknown Source)
	at java.lang.reflect.Constructor.newInstance(Unknown Source)
	at org.openqa.selenium.remote.W3CHandshakeResponse.lambda$errorHandler$0(W3CHandshakeResponse.java:62)
	at org.openqa.selenium.remote.HandshakeResponse.lambda$getResponseFunction$0(HandshakeResponse.java:30)
	at org.openqa.selenium.remote.ProtocolHandshake.lambda$createSession$0(ProtocolHandshake.java:126)
	at java.util.stream.ReferencePipeline$3$1.accept(Unknown Source)
	at java.util.Spliterators$ArraySpliterator.tryAdvance(Unknown Source)
	at java.util.stream.ReferencePipeline.forEachWithCancel(Unknown Source)
	at java.util.stream.AbstractPipeline.copyIntoWithCancel(Unknown Source)
	at java.util.stream.AbstractPipeline.copyInto(Unknown Source)
	at java.util.stream.AbstractPipeline.wrapAndCopyInto(Unknown Source)
	at java.util.stream.FindOps$FindOp.evaluateSequential(Unknown Source)
	at java.util.stream.AbstractPipeline.evaluate(Unknown Source)
	at java.util.stream.ReferencePipeline.findFirst(Unknown Source)
	at org.openqa.selenium.remote.ProtocolHandshake.createSession(ProtocolHandshake.java:128)
	at org.openqa.selenium.remote.ProtocolHandshake.createSession(ProtocolHandshake.java:74)
	at org.openqa.selenium.remote.HttpCommandExecutor.execute(HttpCommandExecutor.java:136)
	at org.openqa.selenium.remote.service.DriverCommandExecutor.execute(DriverCommandExecutor.java:83)
	at org.openqa.selenium.remote.RemoteWebDriver.execute(RemoteWebDriver.java:552)
	at org.openqa.selenium.remote.RemoteWebDriver.startSession(RemoteWebDriver.java:213)
	at org.openqa.selenium.remote.RemoteWebDriver.<init>(RemoteWebDriver.java:131)
	at org.openqa.selenium.chrome.ChromeDriver.<init>(ChromeDriver.java:181)
	at org.openqa.selenium.chrome.ChromeDriver.<init>(ChromeDriver.java:168)
	at org.openqa.selenium.chrome.ChromeDriver.<init>(ChromeDriver.java:123)
	at AutomationLTU.BrowserFactory.startBrowser(BrowserFactory.java:43)
	at selenium.datadriven.DataProviderDemo.loginArray(DataProviderDemo.java:49)
	at sun.reflect.NativeMethodAccessorImpl.invoke0(Native Method)
	at sun.reflect.NativeMethodAccessorImpl.invoke(Unknown Source)
	at sun.reflect.DelegatingMethodAccessorImpl.invoke(Unknown Source)
	at java.lang.reflect.Method.invoke(Unknown Source)
	at org.testng.internal.MethodInvocationHelper.invokeMethod(MethodInvocationHelper.java:100)
	at org.testng.internal.Invoker.invokeMethod(Invoker.java:646)
	at org.testng.internal.Invoker.invokeTestMethod(Invoker.java:811)
	at org.testng.internal.Invoker.invokeTestMethods(Invoker.java:1137)
	at org.testng.internal.TestMethodWorker.invokeTestMethods(TestMethodWorker.java:129)
	at org.testng.internal.TestMethodWorker.run(TestMethodWorker.java:112)
	at org.testng.TestRunner.privateRun(TestRunner.java:753)
	at org.testng.TestRunner.run(TestRunner.java:607)
	at org.testng.SuiteRunner.runTest(SuiteRunner.java:368)
	at org.testng.SuiteRunner.runSequentially(SuiteRunner.java:363)
	at org.testng.SuiteRunner.privateRun(SuiteRunner.java:321)
	at org.testng.SuiteRunner.run(SuiteRunner.java:270)
	at org.testng.SuiteRunnerWorker.runSuite(SuiteRunnerWorker.java:52)
	at org.testng.SuiteRunnerWorker.run(SuiteRunnerWorker.java:86)
	at org.testng.TestNG.runSuitesSequentially(TestNG.java:1284)
	at org.testng.TestNG.runSuitesLocally(TestNG.java:1209)
	at org.testng.TestNG.runSuites(TestNG.java:1124)
	at org.testng.TestNG.run(TestNG.java:1096)
	at org.testng.remote.AbstractRemoteTestNG.run(AbstractRemoteTestNG.java:132)
	at org.testng.remote.RemoteTestNG.initAndRun(RemoteTestNG.java:236)
	at org.testng.remote.RemoteTestNG.main(RemoteTestNG.java:81)
]]>
    </error>
  </testcase> <!-- loginArray -->
</testsuite> <!-- selenium.datadriven.DataProviderDemo -->
